# This is the CMakeCache file.
# For build in directory: e:/Codes/clion/grammar/dependency/leveldb-1.23/build_vs
# It was generated by CMake: D:/Program Files/JetBrains/CLion 2023.1.3/bin/cmake/win/x64/bin/cmake.exe
# You can edit this file to change values found and used by cmake.
# If you do not want to change any of the values, simply exit the editor.
# If you do want to change a value, simply edit, save, and exit the editor.
# The syntax for the file is as follows:
# KEY:TYPE=VALUE
# KEY is the name of a variable in the cache.
# TYPE is a hint to GUIs for the type of VALUE, DO NOT EDIT TYPE!.
# VALUE is the current value for the KEY.

########################
# EXTERNAL cache entries
########################

//Build a 32 bit version of the library - unsupported when using
// MSVC)
BENCHMARK_BUILD_32_BITS:BOOL=OFF

//Allow the downloading and in-tree building of unmet dependencies
BENCHMARK_DOWNLOAD_DEPENDENCIES:BOOL=OFF

//Enable building and running the assembly tests
BENCHMARK_ENABLE_ASSEMBLY_TESTS:BOOL=OFF

//Build documentation with Doxygen.
BENCHMARK_ENABLE_DOXYGEN:BOOL=OFF

//Enable the use of exceptions in the benchmark library.
BENCHMARK_ENABLE_EXCEPTIONS:BOOL=OFF

//Enable building the unit tests which depend on gtest
BENCHMARK_ENABLE_GTEST_TESTS:BOOL=ON

//Enable installation of benchmark. (Projects embedding benchmark
// may want to turn this OFF.)
BENCHMARK_ENABLE_INSTALL:BOOL=ON

//Enable performance counters provided by libpfm
BENCHMARK_ENABLE_LIBPFM:BOOL=OFF

//Enable link time optimisation of the benchmark library.
BENCHMARK_ENABLE_LTO:BOOL=OFF

//Enable testing of the benchmark library.
BENCHMARK_ENABLE_TESTING:BOOL=OFF

//Build Release candidates with -Werror.
BENCHMARK_ENABLE_WERROR:BOOL=ON

//Build Release candidates with -Werror regardless of compiler
// issues.
BENCHMARK_FORCE_WERROR:BOOL=OFF

//Enable installation of documentation.
BENCHMARK_INSTALL_DOCS:BOOL=ON

//Use bundled GoogleTest. If disabled, the find_package(GTest)
// will be used.
BENCHMARK_USE_BUNDLED_GTEST:BOOL=ON

//Build and test using libc++ as the standard library.
BENCHMARK_USE_LIBCXX:BOOL=OFF

//Builds the googlemock subproject
BUILD_GMOCK:BOOL=ON

//Path to a program.
CMAKE_AR:FILEPATH=C:/Program Files/Microsoft Visual Studio/2022/Community/VC/Tools/MSVC/14.38.33130/bin/Hostx64/x64/lib.exe

//Choose the type of build, options are: None Debug Release RelWithDebInfo
// MinSizeRel ...
CMAKE_BUILD_TYPE:STRING=Debug

//Enable colored diagnostics throughout.
CMAKE_COLOR_DIAGNOSTICS:BOOL=ON

//CXX compiler
CMAKE_CXX_COMPILER:FILEPATH=C:/Program Files/Microsoft Visual Studio/2022/Community/VC/Tools/MSVC/14.38.33130/bin/Hostx64/x64/cl.exe

//Flags used by the CXX compiler during all build types.
CMAKE_CXX_FLAGS:STRING=/DWIN32 /D_WINDOWS /W3 /GR /EHsc

//Flags used by the CXX compiler during DEBUG builds.
CMAKE_CXX_FLAGS_DEBUG:STRING=/MDd /Zi /Ob0 /Od /RTC1

//Flags used by the CXX compiler during MINSIZEREL builds.
CMAKE_CXX_FLAGS_MINSIZEREL:STRING=/MD /O1 /Ob1 /DNDEBUG

//Flags used by the CXX compiler during RELEASE builds.
CMAKE_CXX_FLAGS_RELEASE:STRING=/MD /O2 /Ob2 /DNDEBUG

//Flags used by the CXX compiler during RELWITHDEBINFO builds.
CMAKE_CXX_FLAGS_RELWITHDEBINFO:STRING=/MD /Zi /O2 /Ob1 /DNDEBUG

//Libraries linked by default with all C++ applications.
CMAKE_CXX_STANDARD_LIBRARIES:STRING=kernel32.lib user32.lib gdi32.lib winspool.lib shell32.lib ole32.lib oleaut32.lib uuid.lib comdlg32.lib advapi32.lib

//C compiler
CMAKE_C_COMPILER:FILEPATH=C:/Program Files/Microsoft Visual Studio/2022/Community/VC/Tools/MSVC/14.38.33130/bin/Hostx64/x64/cl.exe

//Flags used by the C compiler during all build types.
CMAKE_C_FLAGS:STRING=/DWIN32 /D_WINDOWS /W3

//Flags used by the C compiler during DEBUG builds.
CMAKE_C_FLAGS_DEBUG:STRING=/MDd /Zi /Ob0 /Od /RTC1

//Flags used by the C compiler during MINSIZEREL builds.
CMAKE_C_FLAGS_MINSIZEREL:STRING=/MD /O1 /Ob1 /DNDEBUG

//Flags used by the C compiler during RELEASE builds.
CMAKE_C_FLAGS_RELEASE:STRING=/MD /O2 /Ob2 /DNDEBUG

//Flags used by the C compiler during RELWITHDEBINFO builds.
CMAKE_C_FLAGS_RELWITHDEBINFO:STRING=/MD /Zi /O2 /Ob1 /DNDEBUG

//Libraries linked by default with all C applications.
CMAKE_C_STANDARD_LIBRARIES:STRING=kernel32.lib user32.lib gdi32.lib winspool.lib shell32.lib ole32.lib oleaut32.lib uuid.lib comdlg32.lib advapi32.lib

//Flags used by the linker during all build types.
CMAKE_EXE_LINKER_FLAGS:STRING=/machine:x64

//Flags used by the linker during DEBUG builds.
CMAKE_EXE_LINKER_FLAGS_DEBUG:STRING=/debug /INCREMENTAL

//Flags used by the linker during MINSIZEREL builds.
CMAKE_EXE_LINKER_FLAGS_MINSIZEREL:STRING=/INCREMENTAL:NO

//Flags used by the linker during RELEASE builds.
CMAKE_EXE_LINKER_FLAGS_RELEASE:STRING=/INCREMENTAL:NO

//Flags used by the linker during RELWITHDEBINFO builds.
CMAKE_EXE_LINKER_FLAGS_RELWITHDEBINFO:STRING=/debug /INCREMENTAL

//Enable/Disable output of compile commands during generation.
CMAKE_EXPORT_COMPILE_COMMANDS:BOOL=

//Value Computed by CMake.
CMAKE_FIND_PACKAGE_REDIRECTS_DIR:STATIC=E:/Codes/clion/grammar/dependency/leveldb-1.23/build_vs/CMakeFiles/pkgRedirects

//User executables (bin)
CMAKE_INSTALL_BINDIR:PATH=bin

//Read-only architecture-independent data (DATAROOTDIR)
CMAKE_INSTALL_DATADIR:PATH=

//Read-only architecture-independent data root (share)
CMAKE_INSTALL_DATAROOTDIR:PATH=share

//Documentation root (DATAROOTDIR/doc/PROJECT_NAME)
CMAKE_INSTALL_DOCDIR:PATH=

//C header files (include)
CMAKE_INSTALL_INCLUDEDIR:PATH=include

//Info documentation (DATAROOTDIR/info)
CMAKE_INSTALL_INFODIR:PATH=

//Object code libraries (lib)
CMAKE_INSTALL_LIBDIR:PATH=lib

//Program executables (libexec)
CMAKE_INSTALL_LIBEXECDIR:PATH=libexec

//Locale-dependent data (DATAROOTDIR/locale)
CMAKE_INSTALL_LOCALEDIR:PATH=

//Modifiable single-machine data (var)
CMAKE_INSTALL_LOCALSTATEDIR:PATH=var

//Man documentation (DATAROOTDIR/man)
CMAKE_INSTALL_MANDIR:PATH=

//C header files for non-gcc (/usr/include)
CMAKE_INSTALL_OLDINCLUDEDIR:PATH=/usr/include

//Install path prefix, prepended onto install directories.
CMAKE_INSTALL_PREFIX:PATH=C:/Program Files (x86)/leveldb

//Run-time variable data (LOCALSTATEDIR/run)
CMAKE_INSTALL_RUNSTATEDIR:PATH=

//System admin executables (sbin)
CMAKE_INSTALL_SBINDIR:PATH=sbin

//Modifiable architecture-independent data (com)
CMAKE_INSTALL_SHAREDSTATEDIR:PATH=com

//Read-only single-machine data (etc)
CMAKE_INSTALL_SYSCONFDIR:PATH=etc

//Path to a program.
CMAKE_LINKER:FILEPATH=C:/Program Files/Microsoft Visual Studio/2022/Community/VC/Tools/MSVC/14.38.33130/bin/Hostx64/x64/link.exe

//make program
CMAKE_MAKE_PROGRAM:FILEPATH=D:/Program Files/JetBrains/CLion 2023.1.3/bin/ninja/win/x64/ninja.exe

//Flags used by the linker during the creation of modules during
// all build types.
CMAKE_MODULE_LINKER_FLAGS:STRING=/machine:x64

//Flags used by the linker during the creation of modules during
// DEBUG builds.
CMAKE_MODULE_LINKER_FLAGS_DEBUG:STRING=/debug /INCREMENTAL

//Flags used by the linker during the creation of modules during
// MINSIZEREL builds.
CMAKE_MODULE_LINKER_FLAGS_MINSIZEREL:STRING=/INCREMENTAL:NO

//Flags used by the linker during the creation of modules during
// RELEASE builds.
CMAKE_MODULE_LINKER_FLAGS_RELEASE:STRING=/INCREMENTAL:NO

//Flags used by the linker during the creation of modules during
// RELWITHDEBINFO builds.
CMAKE_MODULE_LINKER_FLAGS_RELWITHDEBINFO:STRING=/debug /INCREMENTAL

//Path to a program.
CMAKE_MT:FILEPATH=D:/Windows Kits/10/bin/10.0.22621.0/x64/mt.exe

//Value Computed by CMake
CMAKE_PROJECT_DESCRIPTION:STATIC=

//Value Computed by CMake
CMAKE_PROJECT_HOMEPAGE_URL:STATIC=

//Value Computed by CMake
CMAKE_PROJECT_NAME:STATIC=leveldb

//Value Computed by CMake
CMAKE_PROJECT_VERSION:STATIC=1.23.0

//Value Computed by CMake
CMAKE_PROJECT_VERSION_MAJOR:STATIC=1

//Value Computed by CMake
CMAKE_PROJECT_VERSION_MINOR:STATIC=23

//Value Computed by CMake
CMAKE_PROJECT_VERSION_PATCH:STATIC=0

//Value Computed by CMake
CMAKE_PROJECT_VERSION_TWEAK:STATIC=

//RC compiler
CMAKE_RC_COMPILER:FILEPATH=D:/Windows Kits/10/bin/10.0.22621.0/x64/rc.exe

//Flags for Windows Resource Compiler during all build types.
CMAKE_RC_FLAGS:STRING=-DWIN32

//Flags for Windows Resource Compiler during DEBUG builds.
CMAKE_RC_FLAGS_DEBUG:STRING=-D_DEBUG

//Flags for Windows Resource Compiler during MINSIZEREL builds.
CMAKE_RC_FLAGS_MINSIZEREL:STRING=

//Flags for Windows Resource Compiler during RELEASE builds.
CMAKE_RC_FLAGS_RELEASE:STRING=

//Flags for Windows Resource Compiler during RELWITHDEBINFO builds.
CMAKE_RC_FLAGS_RELWITHDEBINFO:STRING=

//Flags used by the linker during the creation of shared libraries
// during all build types.
CMAKE_SHARED_LINKER_FLAGS:STRING=/machine:x64

//Flags used by the linker during the creation of shared libraries
// during DEBUG builds.
CMAKE_SHARED_LINKER_FLAGS_DEBUG:STRING=/debug /INCREMENTAL

//Flags used by the linker during the creation of shared libraries
// during MINSIZEREL builds.
CMAKE_SHARED_LINKER_FLAGS_MINSIZEREL:STRING=/INCREMENTAL:NO

//Flags used by the linker during the creation of shared libraries
// during RELEASE builds.
CMAKE_SHARED_LINKER_FLAGS_RELEASE:STRING=/INCREMENTAL:NO

//Flags used by the linker during the creation of shared libraries
// during RELWITHDEBINFO builds.
CMAKE_SHARED_LINKER_FLAGS_RELWITHDEBINFO:STRING=/debug /INCREMENTAL

//If set, runtime paths are not added when installing shared libraries,
// but are added when building.
CMAKE_SKIP_INSTALL_RPATH:BOOL=NO

//If set, runtime paths are not added when using shared libraries.
CMAKE_SKIP_RPATH:BOOL=NO

//Flags used by the linker during the creation of static libraries
// during all build types.
CMAKE_STATIC_LINKER_FLAGS:STRING=/machine:x64

//Flags used by the linker during the creation of static libraries
// during DEBUG builds.
CMAKE_STATIC_LINKER_FLAGS_DEBUG:STRING=

//Flags used by the linker during the creation of static libraries
// during MINSIZEREL builds.
CMAKE_STATIC_LINKER_FLAGS_MINSIZEREL:STRING=

//Flags used by the linker during the creation of static libraries
// during RELEASE builds.
CMAKE_STATIC_LINKER_FLAGS_RELEASE:STRING=

//Flags used by the linker during the creation of static libraries
// during RELWITHDEBINFO builds.
CMAKE_STATIC_LINKER_FLAGS_RELWITHDEBINFO:STRING=

//If this value is on, makefiles will be generated without the
// .SILENT directive, and all commands will be echoed to the console
// during the make.  This is useful for debugging only. With Visual
// Studio IDE projects all commands are done without /nologo.
CMAKE_VERBOSE_MAKEFILE:BOOL=FALSE

//OFF
CXXFEATURECHECK_DEBUG:BOOL=OFF

//Git command line client
GIT_EXECUTABLE:FILEPATH=D:/Program Files/Git/cmd/git.exe

//Use Abseil and RE2. Requires Abseil and RE2 to be separately
// added to the build.
GTEST_HAS_ABSL:BOOL=OFF

//Enable installation of googletest. (Projects embedding googletest
// may want to turn this OFF.)
INSTALL_GTEST:BOOL=ON

//Build LevelDB's benchmarks
LEVELDB_BUILD_BENCHMARKS:BOOL=ON

//Build LevelDB's unit tests
LEVELDB_BUILD_TESTS:BOOL=ON

//Install LevelDB's header and library
LEVELDB_INSTALL:BOOL=ON

//Value Computed by CMake
benchmark_BINARY_DIR:STATIC=E:/Codes/clion/grammar/dependency/leveldb-1.23/build_vs/third_party/benchmark

//Value Computed by CMake
benchmark_IS_TOP_LEVEL:STATIC=OFF

//Value Computed by CMake
benchmark_SOURCE_DIR:STATIC=E:/Codes/clion/grammar/dependency/leveldb-1.23/third_party/benchmark

//Value Computed by CMake
gmock_BINARY_DIR:STATIC=E:/Codes/clion/grammar/dependency/leveldb-1.23/build_vs/third_party/googletest/googlemock

//Value Computed by CMake
gmock_IS_TOP_LEVEL:STATIC=OFF

//Value Computed by CMake
gmock_SOURCE_DIR:STATIC=E:/Codes/clion/grammar/dependency/leveldb-1.23/third_party/googletest/googlemock

//Build all of Google Mock's own tests.
gmock_build_tests:BOOL=OFF

//Value Computed by CMake
googletest-distribution_BINARY_DIR:STATIC=E:/Codes/clion/grammar/dependency/leveldb-1.23/build_vs/third_party/googletest

//Value Computed by CMake
googletest-distribution_IS_TOP_LEVEL:STATIC=OFF

//Value Computed by CMake
googletest-distribution_SOURCE_DIR:STATIC=E:/Codes/clion/grammar/dependency/leveldb-1.23/third_party/googletest

//Value Computed by CMake
gtest_BINARY_DIR:STATIC=E:/Codes/clion/grammar/dependency/leveldb-1.23/build_vs/third_party/googletest/googletest

//Value Computed by CMake
gtest_IS_TOP_LEVEL:STATIC=OFF

//Value Computed by CMake
gtest_SOURCE_DIR:STATIC=E:/Codes/clion/grammar/dependency/leveldb-1.23/third_party/googletest/googletest

//Build gtest's sample programs.
gtest_build_samples:BOOL=OFF

//Build all of gtest's own tests.
gtest_build_tests:BOOL=OFF

//Disable uses of pthreads in gtest.
gtest_disable_pthreads:BOOL=OFF

//Use shared (DLL) run-time lib even when Google Test is built
// as static lib.
gtest_force_shared_crt:BOOL=ON

//Build gtest with internal symbols hidden in shared libraries.
gtest_hide_internal_symbols:BOOL=OFF

//Value Computed by CMake
leveldb_BINARY_DIR:STATIC=E:/Codes/clion/grammar/dependency/leveldb-1.23/build_vs

//Value Computed by CMake
leveldb_IS_TOP_LEVEL:STATIC=ON

//Value Computed by CMake
leveldb_SOURCE_DIR:STATIC=E:/Codes/clion/grammar/dependency/leveldb-1.23


########################
# INTERNAL cache entries
########################

//ADVANCED property for variable: CMAKE_AR
CMAKE_AR-ADVANCED:INTERNAL=1
//This is the directory where this CMakeCache.txt was created
CMAKE_CACHEFILE_DIR:INTERNAL=e:/Codes/clion/grammar/dependency/leveldb-1.23/build_vs
//Major version of cmake used to create the current loaded cache
CMAKE_CACHE_MAJOR_VERSION:INTERNAL=3
//Minor version of cmake used to create the current loaded cache
CMAKE_CACHE_MINOR_VERSION:INTERNAL=27
//Patch version of cmake used to create the current loaded cache
CMAKE_CACHE_PATCH_VERSION:INTERNAL=8
//Path to CMake executable.
CMAKE_COMMAND:INTERNAL=D:/Program Files/JetBrains/CLion 2023.1.3/bin/cmake/win/x64/bin/cmake.exe
//Path to cpack program executable.
CMAKE_CPACK_COMMAND:INTERNAL=D:/Program Files/JetBrains/CLion 2023.1.3/bin/cmake/win/x64/bin/cpack.exe
//Path to ctest program executable.
CMAKE_CTEST_COMMAND:INTERNAL=D:/Program Files/JetBrains/CLion 2023.1.3/bin/cmake/win/x64/bin/ctest.exe
//ADVANCED property for variable: CMAKE_CXX_COMPILER
CMAKE_CXX_COMPILER-ADVANCED:INTERNAL=1
//ADVANCED property for variable: CMAKE_CXX_FLAGS
CMAKE_CXX_FLAGS-ADVANCED:INTERNAL=1
//ADVANCED property for variable: CMAKE_CXX_FLAGS_DEBUG
CMAKE_CXX_FLAGS_DEBUG-ADVANCED:INTERNAL=1
//ADVANCED property for variable: CMAKE_CXX_FLAGS_MINSIZEREL
CMAKE_CXX_FLAGS_MINSIZEREL-ADVANCED:INTERNAL=1
//ADVANCED property for variable: CMAKE_CXX_FLAGS_RELEASE
CMAKE_CXX_FLAGS_RELEASE-ADVANCED:INTERNAL=1
//ADVANCED property for variable: CMAKE_CXX_FLAGS_RELWITHDEBINFO
CMAKE_CXX_FLAGS_RELWITHDEBINFO-ADVANCED:INTERNAL=1
//ADVANCED property for variable: CMAKE_CXX_STANDARD_LIBRARIES
CMAKE_CXX_STANDARD_LIBRARIES-ADVANCED:INTERNAL=1
//ADVANCED property for variable: CMAKE_C_COMPILER
CMAKE_C_COMPILER-ADVANCED:INTERNAL=1
//ADVANCED property for variable: CMAKE_C_FLAGS
CMAKE_C_FLAGS-ADVANCED:INTERNAL=1
//ADVANCED property for variable: CMAKE_C_FLAGS_DEBUG
CMAKE_C_FLAGS_DEBUG-ADVANCED:INTERNAL=1
//ADVANCED property for variable: CMAKE_C_FLAGS_MINSIZEREL
CMAKE_C_FLAGS_MINSIZEREL-ADVANCED:INTERNAL=1
//ADVANCED property for variable: CMAKE_C_FLAGS_RELEASE
CMAKE_C_FLAGS_RELEASE-ADVANCED:INTERNAL=1
//ADVANCED property for variable: CMAKE_C_FLAGS_RELWITHDEBINFO
CMAKE_C_FLAGS_RELWITHDEBINFO-ADVANCED:INTERNAL=1
//ADVANCED property for variable: CMAKE_C_STANDARD_LIBRARIES
CMAKE_C_STANDARD_LIBRARIES-ADVANCED:INTERNAL=1
//Executable file format
CMAKE_EXECUTABLE_FORMAT:INTERNAL=Unknown
//ADVANCED property for variable: CMAKE_EXE_LINKER_FLAGS
CMAKE_EXE_LINKER_FLAGS-ADVANCED:INTERNAL=1
//ADVANCED property for variable: CMAKE_EXE_LINKER_FLAGS_DEBUG
CMAKE_EXE_LINKER_FLAGS_DEBUG-ADVANCED:INTERNAL=1
//ADVANCED property for variable: CMAKE_EXE_LINKER_FLAGS_MINSIZEREL
CMAKE_EXE_LINKER_FLAGS_MINSIZEREL-ADVANCED:INTERNAL=1
//ADVANCED property for variable: CMAKE_EXE_LINKER_FLAGS_RELEASE
CMAKE_EXE_LINKER_FLAGS_RELEASE-ADVANCED:INTERNAL=1
//ADVANCED property for variable: CMAKE_EXE_LINKER_FLAGS_RELWITHDEBINFO
CMAKE_EXE_LINKER_FLAGS_RELWITHDEBINFO-ADVANCED:INTERNAL=1
//ADVANCED property for variable: CMAKE_EXPORT_COMPILE_COMMANDS
CMAKE_EXPORT_COMPILE_COMMANDS-ADVANCED:INTERNAL=1
//Name of external makefile project generator.
CMAKE_EXTRA_GENERATOR:INTERNAL=
//Name of generator.
CMAKE_GENERATOR:INTERNAL=Ninja
//Generator instance identifier.
CMAKE_GENERATOR_INSTANCE:INTERNAL=
//Name of generator platform.
CMAKE_GENERATOR_PLATFORM:INTERNAL=
//Name of generator toolset.
CMAKE_GENERATOR_TOOLSET:INTERNAL=
//Test CMAKE_HAVE_LIBC_PTHREAD
CMAKE_HAVE_LIBC_PTHREAD:INTERNAL=
//Have library pthreads
CMAKE_HAVE_PTHREADS_CREATE:INTERNAL=
//Have library pthread
CMAKE_HAVE_PTHREAD_CREATE:INTERNAL=
//Source directory with the top level CMakeLists.txt file for this
// project
CMAKE_HOME_DIRECTORY:INTERNAL=E:/Codes/clion/grammar/dependency/leveldb-1.23
//ADVANCED property for variable: CMAKE_INSTALL_BINDIR
CMAKE_INSTALL_BINDIR-ADVANCED:INTERNAL=1
//ADVANCED property for variable: CMAKE_INSTALL_DATADIR
CMAKE_INSTALL_DATADIR-ADVANCED:INTERNAL=1
//ADVANCED property for variable: CMAKE_INSTALL_DATAROOTDIR
CMAKE_INSTALL_DATAROOTDIR-ADVANCED:INTERNAL=1
//ADVANCED property for variable: CMAKE_INSTALL_DOCDIR
CMAKE_INSTALL_DOCDIR-ADVANCED:INTERNAL=1
//ADVANCED property for variable: CMAKE_INSTALL_INCLUDEDIR
CMAKE_INSTALL_INCLUDEDIR-ADVANCED:INTERNAL=1
//ADVANCED property for variable: CMAKE_INSTALL_INFODIR
CMAKE_INSTALL_INFODIR-ADVANCED:INTERNAL=1
//ADVANCED property for variable: CMAKE_INSTALL_LIBDIR
CMAKE_INSTALL_LIBDIR-ADVANCED:INTERNAL=1
//ADVANCED property for variable: CMAKE_INSTALL_LIBEXECDIR
CMAKE_INSTALL_LIBEXECDIR-ADVANCED:INTERNAL=1
//ADVANCED property for variable: CMAKE_INSTALL_LOCALEDIR
CMAKE_INSTALL_LOCALEDIR-ADVANCED:INTERNAL=1
//ADVANCED property for variable: CMAKE_INSTALL_LOCALSTATEDIR
CMAKE_INSTALL_LOCALSTATEDIR-ADVANCED:INTERNAL=1
//ADVANCED property for variable: CMAKE_INSTALL_MANDIR
CMAKE_INSTALL_MANDIR-ADVANCED:INTERNAL=1
//ADVANCED property for variable: CMAKE_INSTALL_OLDINCLUDEDIR
CMAKE_INSTALL_OLDINCLUDEDIR-ADVANCED:INTERNAL=1
//ADVANCED property for variable: CMAKE_INSTALL_RUNSTATEDIR
CMAKE_INSTALL_RUNSTATEDIR-ADVANCED:INTERNAL=1
//ADVANCED property for variable: CMAKE_INSTALL_SBINDIR
CMAKE_INSTALL_SBINDIR-ADVANCED:INTERNAL=1
//ADVANCED property for variable: CMAKE_INSTALL_SHAREDSTATEDIR
CMAKE_INSTALL_SHAREDSTATEDIR-ADVANCED:INTERNAL=1
//ADVANCED property for variable: CMAKE_INSTALL_SYSCONFDIR
CMAKE_INSTALL_SYSCONFDIR-ADVANCED:INTERNAL=1
//ADVANCED property for variable: CMAKE_LINKER
CMAKE_LINKER-ADVANCED:INTERNAL=1
//ADVANCED property for variable: CMAKE_MODULE_LINKER_FLAGS
CMAKE_MODULE_LINKER_FLAGS-ADVANCED:INTERNAL=1
//ADVANCED property for variable: CMAKE_MODULE_LINKER_FLAGS_DEBUG
CMAKE_MODULE_LINKER_FLAGS_DEBUG-ADVANCED:INTERNAL=1
//ADVANCED property for variable: CMAKE_MODULE_LINKER_FLAGS_MINSIZEREL
CMAKE_MODULE_LINKER_FLAGS_MINSIZEREL-ADVANCED:INTERNAL=1
//ADVANCED property for variable: CMAKE_MODULE_LINKER_FLAGS_RELEASE
CMAKE_MODULE_LINKER_FLAGS_RELEASE-ADVANCED:INTERNAL=1
//ADVANCED property for variable: CMAKE_MODULE_LINKER_FLAGS_RELWITHDEBINFO
CMAKE_MODULE_LINKER_FLAGS_RELWITHDEBINFO-ADVANCED:INTERNAL=1
//ADVANCED property for variable: CMAKE_MT
CMAKE_MT-ADVANCED:INTERNAL=1
//number of local generators
CMAKE_NUMBER_OF_MAKEFILES:INTERNAL=6
//Platform information initialized
CMAKE_PLATFORM_INFO_INITIALIZED:INTERNAL=1
//noop for ranlib
CMAKE_RANLIB:INTERNAL=:
//ADVANCED property for variable: CMAKE_RC_COMPILER
CMAKE_RC_COMPILER-ADVANCED:INTERNAL=1
CMAKE_RC_COMPILER_WORKS:INTERNAL=1
//ADVANCED property for variable: CMAKE_RC_FLAGS
CMAKE_RC_FLAGS-ADVANCED:INTERNAL=1
//ADVANCED property for variable: CMAKE_RC_FLAGS_DEBUG
CMAKE_RC_FLAGS_DEBUG-ADVANCED:INTERNAL=1
//ADVANCED property for variable: CMAKE_RC_FLAGS_MINSIZEREL
CMAKE_RC_FLAGS_MINSIZEREL-ADVANCED:INTERNAL=1
//ADVANCED property for variable: CMAKE_RC_FLAGS_RELEASE
CMAKE_RC_FLAGS_RELEASE-ADVANCED:INTERNAL=1
//ADVANCED property for variable: CMAKE_RC_FLAGS_RELWITHDEBINFO
CMAKE_RC_FLAGS_RELWITHDEBINFO-ADVANCED:INTERNAL=1
//Path to CMake installation.
CMAKE_ROOT:INTERNAL=D:/Program Files/JetBrains/CLion 2023.1.3/bin/cmake/win/x64/share/cmake-3.27
//ADVANCED property for variable: CMAKE_SHARED_LINKER_FLAGS
CMAKE_SHARED_LINKER_FLAGS-ADVANCED:INTERNAL=1
//ADVANCED property for variable: CMAKE_SHARED_LINKER_FLAGS_DEBUG
CMAKE_SHARED_LINKER_FLAGS_DEBUG-ADVANCED:INTERNAL=1
//ADVANCED property for variable: CMAKE_SHARED_LINKER_FLAGS_MINSIZEREL
CMAKE_SHARED_LINKER_FLAGS_MINSIZEREL-ADVANCED:INTERNAL=1
//ADVANCED property for variable: CMAKE_SHARED_LINKER_FLAGS_RELEASE
CMAKE_SHARED_LINKER_FLAGS_RELEASE-ADVANCED:INTERNAL=1
//ADVANCED property for variable: CMAKE_SHARED_LINKER_FLAGS_RELWITHDEBINFO
CMAKE_SHARED_LINKER_FLAGS_RELWITHDEBINFO-ADVANCED:INTERNAL=1
//ADVANCED property for variable: CMAKE_SKIP_INSTALL_RPATH
CMAKE_SKIP_INSTALL_RPATH-ADVANCED:INTERNAL=1
//ADVANCED property for variable: CMAKE_SKIP_RPATH
CMAKE_SKIP_RPATH-ADVANCED:INTERNAL=1
//ADVANCED property for variable: CMAKE_STATIC_LINKER_FLAGS
CMAKE_STATIC_LINKER_FLAGS-ADVANCED:INTERNAL=1
//ADVANCED property for variable: CMAKE_STATIC_LINKER_FLAGS_DEBUG
CMAKE_STATIC_LINKER_FLAGS_DEBUG-ADVANCED:INTERNAL=1
//ADVANCED property for variable: CMAKE_STATIC_LINKER_FLAGS_MINSIZEREL
CMAKE_STATIC_LINKER_FLAGS_MINSIZEREL-ADVANCED:INTERNAL=1
//ADVANCED property for variable: CMAKE_STATIC_LINKER_FLAGS_RELEASE
CMAKE_STATIC_LINKER_FLAGS_RELEASE-ADVANCED:INTERNAL=1
//ADVANCED property for variable: CMAKE_STATIC_LINKER_FLAGS_RELWITHDEBINFO
CMAKE_STATIC_LINKER_FLAGS_RELWITHDEBINFO-ADVANCED:INTERNAL=1
//ADVANCED property for variable: CMAKE_VERBOSE_MAKEFILE
CMAKE_VERBOSE_MAKEFILE-ADVANCED:INTERNAL=1
//Result of TRY_COMPILE
COMPILE_HAVE_GNU_POSIX_REGEX:INTERNAL=FALSE
//Result of TRY_COMPILE
COMPILE_HAVE_POSIX_REGEX:INTERNAL=FALSE
//Result of TRY_COMPILE
COMPILE_HAVE_PTHREAD_AFFINITY:INTERNAL=FALSE
//Result of TRY_COMPILE
COMPILE_HAVE_STD_REGEX:INTERNAL=TRUE
//Result of TRY_COMPILE
COMPILE_HAVE_STEADY_CLOCK:INTERNAL=TRUE
//Details about finding Git
FIND_PACKAGE_MESSAGE_DETAILS_Git:INTERNAL=[D:/Program Files/Git/cmd/git.exe][v2.39.1.windows.1()]
//Details about finding Python3
FIND_PACKAGE_MESSAGE_DETAILS_Python3:INTERNAL=[D:/Programs/Python/Python310/python.exe][cfound components: Interpreter ][v3.10.8()]
//Details about finding Threads
FIND_PACKAGE_MESSAGE_DETAILS_Threads:INTERNAL=[TRUE][v()]
//ADVANCED property for variable: GIT_EXECUTABLE
GIT_EXECUTABLE-ADVANCED:INTERNAL=1
//Test HAVE_CLANG_THREAD_SAFETY
HAVE_CLANG_THREAD_SAFETY:INTERNAL=
//Have library crc32c
HAVE_CRC32C:INTERNAL=
//Test HAVE_CXX17_HAS_INCLUDE
HAVE_CXX17_HAS_INCLUDE:INTERNAL=1
//Test HAVE_CXX_FLAG_EHA_
HAVE_CXX_FLAG_EHA_:INTERNAL=1
//Test HAVE_CXX_FLAG_EHS_
HAVE_CXX_FLAG_EHS_:INTERNAL=1
//Have symbol fdatasync
HAVE_FDATASYNC:INTERNAL=
//Have symbol F_FULLFSYNC
HAVE_FULLFSYNC:INTERNAL=
//Test HAVE_KYOTOCABINET
HAVE_KYOTOCABINET:INTERNAL=
//Have library rt
HAVE_LIB_RT:INTERNAL=
//Have symbol O_CLOEXEC
HAVE_O_CLOEXEC:INTERNAL=
//Have library snappy
HAVE_SNAPPY:INTERNAL=
//Have library sqlite3
HAVE_SQLITE3:INTERNAL=
//Have library tcmalloc
HAVE_TCMALLOC:INTERNAL=
//Have include unistd.h
HAVE_UNISTD_H:INTERNAL=
//Test LEVELDB_HAVE_NO_MISSING_FIELD_INITIALIZERS
LEVELDB_HAVE_NO_MISSING_FIELD_INITIALIZERS:INTERNAL=
//Result of try_run()
RUN_HAVE_STD_REGEX:INTERNAL=0
//Result of try_run()
RUN_HAVE_STEADY_CLOCK:INTERNAL=0
//CMAKE_INSTALL_PREFIX during last run
_GNUInstallDirs_LAST_CMAKE_INSTALL_PREFIX:INTERNAL=C:/Program Files (x86)/leveldb
//Compiler reason failure
_Python3_Compiler_REASON_FAILURE:INTERNAL=
//Development reason failure
_Python3_Development_REASON_FAILURE:INTERNAL=
//Path to a program.
_Python3_EXECUTABLE:INTERNAL=D:/Programs/Python/Python310/python.exe
//Python3 Properties
_Python3_INTERPRETER_PROPERTIES:INTERNAL=Python;3;10;8;64;32;;cp310-win_amd64;;D:\Programs\Python\Python310\Lib;D:\Programs\Python\Python310\Lib;D:\Programs\Python\Python310\Lib\site-packages;D:\Programs\Python\Python310\Lib\site-packages
_Python3_INTERPRETER_SIGNATURE:INTERNAL=22fb2eea5ca70c3c4b26f14244f07017
//NumPy reason failure
_Python3_NumPy_REASON_FAILURE:INTERNAL=
cmake_package_name:INTERNAL=GTest
generated_dir:INTERNAL=E:/Codes/clion/grammar/dependency/leveldb-1.23/build_vs/third_party/googletest/googletest/generated
//ADVANCED property for variable: gmock_build_tests
gmock_build_tests-ADVANCED:INTERNAL=1
//ADVANCED property for variable: gtest_build_samples
gtest_build_samples-ADVANCED:INTERNAL=1
//ADVANCED property for variable: gtest_build_tests
gtest_build_tests-ADVANCED:INTERNAL=1
//ADVANCED property for variable: gtest_disable_pthreads
gtest_disable_pthreads-ADVANCED:INTERNAL=1
//ADVANCED property for variable: gtest_force_shared_crt
gtest_force_shared_crt-ADVANCED:INTERNAL=1
//ADVANCED property for variable: gtest_hide_internal_symbols
gtest_hide_internal_symbols-ADVANCED:INTERNAL=1
targets_export_name:INTERNAL=GTestTargets

